<?xml version="1.0" encoding="UTF-8"?>
<!-- Generated by org.testng.reporters.JUnitXMLReporter -->
<testsuite hostname="DESKTOP-C9N000E" ignored="0" tests="1" failures="1" timestamp="08 Jan 2020 17:49:34 GMT" time="0.23" errors="0">
  <testcase name="testTest" time="0.086" classname="NewTest">
    <failure type="java.lang.AssertionError">
      <![CDATA[java.lang.AssertionError
at org.junit.Assert.fail(Assert.java:86)
at org.junit.Assert.assertTrue(Assert.java:41)
at org.junit.Assert.assertTrue(Assert.java:52)
at NewTest.testTest(NewTest.java:7)
... Removed 35 stack frames]]>
    </failure>
  </testcase> <!-- testTest -->
</testsuite>
