<?xml version="1.0" encoding="UTF-8"?>
<!-- Generated by org.testng.reporters.JUnitXMLReporter -->
<testsuite hostname="DESKTOP-C9N000E" ignored="0" tests="2" failures="1" timestamp="08 Jan 2020 17:53:29 GMT" time="0.302" errors="0">
  <testcase name="testTest" time="0.141" classname="NewTest">
    <failure type="java.lang.AssertionError" message="expected [true] but found [false]">
      <![CDATA[java.lang.AssertionError: expected [true] but found [false]at NewTest.testTest(NewTest.java:7)... Removed 38 stack frames]]>
    </failure>
  </testcase> <!-- testTest -->
  <testcase name="testTest1" time="0.002" classname="NewTest"/>
</testsuite>
