-------------------------------------------------------------------------------
Test set: EasyTests.GmailLoginTest
-------------------------------------------------------------------------------
Tests run: 1, Failures: 1, Errors: 0, Skipped: 0, Time elapsed: 26.547 s <<< FAILURE! - in EasyTests.GmailLoginTest
EasyTests.GmailLoginTest.testLoginPage  Time elapsed: 26.539 s  <<< FAILURE!
java.lang.AssertionError: expected:<1> but was:<0>
	at EasyTests.GmailLoginTest.testLoginPage(GmailLoginTest.java:59)

