<?xml version="1.0" encoding="UTF-8"?>
<testng-results skipped="0" failed="0" ignored="0" total="0" passed="0">
  <reporter-output>
  </reporter-output>
  <suite name="MyDir.Homework_L11.DataProviderMathFunctionTest" duration-ms="10" started-at="2019-11-27T21:25:14 EET" finished-at="2019-11-27T21:25:14 EET">
    <groups>
    </groups>
    <test name="Command line test" duration-ms="10" started-at="2019-11-27T21:25:14 EET" finished-at="2019-11-27T21:25:14 EET">
    </test> <!-- Command line test -->
  </suite> <!-- MyDir.Homework_L11.DataProviderMathFunctionTest -->
</testng-results>
